Performing C SOURCE FILE Test CMAKE_HAVE_LIBC_PTHREAD failed with the following output:
Change Dir: /home/zhouhaojie/CppND-Route-Planning-Project/src/CMakeFiles/CMakeTmp

Run Build Command(s):/usr/bin/make cmTC_6a610/fast && /usr/bin/make -f CMakeFiles/cmTC_6a610.dir/build.make CMakeFiles/cmTC_6a610.dir/build
make[1]: Entering directory '/home/zhouhaojie/CppND-Route-Planning-Project/src/CMakeFiles/CMakeTmp'
Building C object CMakeFiles/cmTC_6a610.dir/src.c.o
/usr/bin/cc   -DCMAKE_HAVE_LIBC_PTHREAD   -o CMakeFiles/cmTC_6a610.dir/src.c.o   -c /home/zhouhaojie/CppND-Route-Planning-Project/src/CMakeFiles/CMakeTmp/src.c
Linking C executable cmTC_6a610
/home/zhouhaojie/cmake-3.17.0/bin/cmake -E cmake_link_script CMakeFiles/cmTC_6a610.dir/link.txt --verbose=1
/usr/bin/cc  -DCMAKE_HAVE_LIBC_PTHREAD    -rdynamic CMakeFiles/cmTC_6a610.dir/src.c.o  -o cmTC_6a610 
CMakeFiles/cmTC_6a610.dir/src.c.o: In function `main':
src.c:(.text+0x3e): undefined reference to `pthread_create'
src.c:(.text+0x4a): undefined reference to `pthread_detach'
src.c:(.text+0x56): undefined reference to `pthread_cancel'
src.c:(.text+0x67): undefined reference to `pthread_join'
src.c:(.text+0x7b): undefined reference to `pthread_atfork'
collect2: error: ld returned 1 exit status
CMakeFiles/cmTC_6a610.dir/build.make:103: recipe for target 'cmTC_6a610' failed
make[1]: *** [cmTC_6a610] Error 1
make[1]: Leaving directory '/home/zhouhaojie/CppND-Route-Planning-Project/src/CMakeFiles/CMakeTmp'
Makefile:138: recipe for target 'cmTC_6a610/fast' failed
make: *** [cmTC_6a610/fast] Error 2


Source file was:
#include <pthread.h>

void* test_func(void* data)
{
  return data;
}

int main(void)
{
  pthread_t thread;
  pthread_create(&thread, NULL, test_func, NULL);
  pthread_detach(thread);
  pthread_cancel(thread);
  pthread_join(thread, NULL);
  pthread_atfork(NULL, NULL, NULL);
  pthread_exit(NULL);

  return 0;
}

Determining if the function pthread_create exists in the pthreads failed with the following output:
Change Dir: /home/zhouhaojie/CppND-Route-Planning-Project/src/CMakeFiles/CMakeTmp

Run Build Command(s):/usr/bin/make cmTC_19f4b/fast && /usr/bin/make -f CMakeFiles/cmTC_19f4b.dir/build.make CMakeFiles/cmTC_19f4b.dir/build
make[1]: Entering directory '/home/zhouhaojie/CppND-Route-Planning-Project/src/CMakeFiles/CMakeTmp'
Building C object CMakeFiles/cmTC_19f4b.dir/CheckFunctionExists.c.o
/usr/bin/cc   -DCHECK_FUNCTION_EXISTS=pthread_create   -o CMakeFiles/cmTC_19f4b.dir/CheckFunctionExists.c.o   -c /home/zhouhaojie/cmake-3.17.0/Modules/CheckFunctionExists.c
Linking C executable cmTC_19f4b
/home/zhouhaojie/cmake-3.17.0/bin/cmake -E cmake_link_script CMakeFiles/cmTC_19f4b.dir/link.txt --verbose=1
/usr/bin/cc  -DCHECK_FUNCTION_EXISTS=pthread_create    -rdynamic CMakeFiles/cmTC_19f4b.dir/CheckFunctionExists.c.o  -o cmTC_19f4b  -lpthreads 
/usr/bin/ld: cannot find -lpthreads
collect2: error: ld returned 1 exit status
CMakeFiles/cmTC_19f4b.dir/build.make:103: recipe for target 'cmTC_19f4b' failed
make[1]: *** [cmTC_19f4b] Error 1
make[1]: Leaving directory '/home/zhouhaojie/CppND-Route-Planning-Project/src/CMakeFiles/CMakeTmp'
Makefile:138: recipe for target 'cmTC_19f4b/fast' failed
make: *** [cmTC_19f4b/fast] Error 2



